单节点测试结果：

1.生产者message size(100 200 400 600 800 1000 2000 4000 6000 8000 10000)：
1.消费者fetch size(1024 4096 16384 65536 262144 1048576)：
P(message-size) > topic11
2017-08-30 10:49:33:986, 2017-08-30 10:49:35:348, 0, 100, 1000, 47.68, 35.0099, 499998, 367105.7269
2017-08-30 10:49:36:129, 2017-08-30 10:49:37:585, 0, 200, 1000, 95.37, 65.4993, 499998, 343405.2198
2017-08-30 10:49:38:368, 2017-08-30 10:49:40:095, 0, 400, 1000, 190.73, 110.4424, 499998, 289518.2397
2017-08-30 10:49:40:859, 2017-08-30 10:49:42:910, 0, 600, 1000, 286.10, 139.4935, 499998, 243782.5451
2017-08-30 10:49:43:690, 2017-08-30 10:49:45:976, 0, 800, 1000, 381.47, 166.8715, 499998, 218721.7848
2017-08-30 10:49:46:760, 2017-08-30 10:49:49:538, 0, 1000, 1000, 476.84, 171.6470, 499998, 179984.8812
2017-08-30 10:49:50:315, 2017-08-30 10:49:54:882, 0, 2000, 1000, 953.67, 208.8177, 499998, 109480.6219
2017-08-30 10:49:55:667, 2017-08-30 10:50:05:082, 0, 4000, 1000, 1907.34, 202.5853, 499998, 53106.5321
2017-08-30 10:50:05:867, 2017-08-30 10:50:20:148, 0, 6000, 1000, 2861.01, 200.3369, 499998, 35011.4138
2017-08-30 10:50:20:930, 2017-08-30 10:50:47:637, 0, 8000, 1000, 3814.68, 142.8345, 499998, 18721.6086
2017-08-30 10:50:48:423, 2017-08-30 10:51:25:073, 0, 10000, 1000, 4768.35, 130.1051, 499998, 13642.5102
C(fetch-size) < topic11
2017-08-30 10:51:27:385, 2017-08-30 11:00:55:217, 1024, 1001.3502, 1.7791, 2499985, 4441.7961
2017-08-30 11:00:57:507, 2017-08-30 11:09:48:907, 4096, 4339.1855, 8.2431, 3999980, 7598.7462
2017-08-30 11:09:51:204, 2017-08-30 11:19:30:082, 16384, 15783.2468, 27.5028, 5499978, 9583.8802
2017-08-30 11:19:32:402, 2017-08-30 11:22:13:017, 65536, 15783.2468, 101.4250, 5499978, 35343.4952
2017-08-30 11:22:15:324, 2017-08-30 11:23:19:766, 262144, 15783.2468, 265.5235, 5499978, 92526.7992
2017-08-30 11:23:22:097, 2017-08-30 11:24:05:602, 1048576, 15783.2468, 409.9012, 5499978, 142838.0210

2.生产者/消费者 数量(1 2 3 4 5 6 7 8 9 10 11 12 13 14 15 16 17 18 19 20 21 22 23 24 25 26 27 28 29 30)：
P > topic32
2017-09-01 14:44:22:766, 2017-09-01 14:44:31:469, 0, 1000, 1000, 476.84, 54.7900, 500000, 57451.4535
2017-09-01 14:44:32:234, 2017-09-01 14:44:36:189, 0, 1000, 1000, 476.84, 120.5657, 500000, 126422.2503
2017-09-01 14:44:36:973, 2017-09-01 14:44:39:659, 0, 1000, 1000, 476.84, 177.5262, 499998, 186149.6649
2017-09-01 14:44:40:448, 2017-09-01 14:44:42:558, 0, 1000, 1000, 476.84, 225.9892, 500000, 236966.8246
2017-09-01 14:44:43:318, 2017-09-01 14:44:45:003, 0, 1000, 1000, 476.84, 282.9894, 500000, 296735.9050
2017-09-01 14:44:45:787, 2017-09-01 14:44:47:318, 0, 1000, 1000, 476.84, 311.4535, 499998, 326582.6257
2017-09-01 14:44:48:094, 2017-09-01 14:44:49:522, 0, 1000, 1000, 476.83, 333.9169, 499996, 350137.2549
2017-09-01 14:44:50:306, 2017-09-01 14:44:51:664, 0, 1000, 1000, 476.84, 351.1319, 500000, 368188.5125
2017-09-01 14:44:52:448, 2017-09-01 14:44:53:790, 0, 1000, 1000, 476.83, 355.3147, 499995, 372574.5156
2017-09-01 14:44:54:564, 2017-09-01 14:44:55:852, 0, 1000, 1000, 476.84, 370.2152, 500000, 388198.7578
2017-09-01 14:44:56:636, 2017-09-01 14:44:57:944, 0, 1000, 1000, 476.83, 364.5500, 499994, 382258.4098
2017-09-01 14:44:58:737, 2017-09-01 14:45:00:052, 0, 1000, 1000, 476.83, 362.6080, 499992, 380222.0532
2017-09-01 14:45:00:822, 2017-09-01 14:45:02:094, 0, 1000, 1000, 476.83, 374.8667, 499993, 393076.2579
2017-09-01 14:45:02:867, 2017-09-01 14:45:04:217, 0, 1000, 1000, 476.83, 353.2099, 499996, 370367.4074
2017-09-01 14:45:05:005, 2017-09-01 14:45:06:373, 0, 1000, 1000, 476.83, 348.5617, 499995, 365493.4211
2017-09-01 14:45:07:156, 2017-09-01 14:45:08:466, 0, 1000, 1000, 476.84, 363.9978, 500000, 381679.3893
2017-09-01 14:45:09:244, 2017-09-01 14:45:10:609, 0, 1000, 1000, 476.82, 349.3222, 499987, 366290.8425
2017-09-01 14:45:11:393, 2017-09-01 14:45:12:748, 0, 1000, 1000, 476.82, 351.8995, 499986, 368993.3579
2017-09-01 14:45:13:524, 2017-09-01 14:45:14:809, 0, 1000, 1000, 476.82, 371.0684, 499985, 389093.3852
2017-09-01 14:45:15:592, 2017-09-01 14:45:16:885, 0, 1000, 1000, 476.84, 368.7836, 500000, 386697.6025
2017-09-01 14:45:17:677, 2017-09-01 14:45:19:059, 0, 1000, 1000, 476.83, 345.0265, 499989, 361786.5412
2017-09-01 14:45:19:846, 2017-09-01 14:45:21:292, 0, 1000, 1000, 476.83, 329.7589, 499994, 345777.3167
2017-09-01 14:45:22:052, 2017-09-01 14:45:23:682, 0, 1000, 1000, 476.83, 292.5364, 499997, 306746.6258
2017-09-01 14:45:24:474, 2017-09-01 14:45:26:063, 0, 1000, 1000, 476.83, 300.0815, 499992, 314658.2756
2017-09-01 14:45:26:833, 2017-09-01 14:45:28:298, 0, 1000, 1000, 476.84, 325.4861, 500000, 341296.9283
2017-09-01 14:45:29:063, 2017-09-01 14:45:30:713, 0, 1000, 1000, 476.82, 288.9807, 499980, 303018.1818
2017-09-01 14:45:31:480, 2017-09-01 14:45:33:064, 0, 1000, 1000, 476.82, 301.0251, 499986, 315647.7273
2017-09-01 14:45:33:839, 2017-09-01 14:45:35:330, 0, 1000, 1000, 476.83, 319.8077, 499996, 335342.7230
2017-09-01 14:45:36:094, 2017-09-01 14:45:37:705, 0, 1000, 1000, 476.83, 295.9818, 499989, 310359.4041
2017-09-01 14:45:38:489, 2017-09-01 14:45:40:170, 0, 1000, 1000, 476.82, 283.6514, 499980, 297430.1011
C < topic32
2017-09-01 14:45:42:637, 2017-09-01 14:45:49:723, 1048576, 4768.3716, 2285.8924, 5000000, 2396931.9271
2017-09-01 14:45:52:067, 2017-09-01 14:46:05:716, 1048576, 9536.7432, 1102.6411, 10000000, 1156203.0293
2017-09-01 14:46:08:076, 2017-09-01 14:46:27:479, 1048576, 14304.9383, 993.1916, 14999815, 1041436.8534
2017-09-01 14:46:29:811, 2017-09-01 14:46:49:697, 1048576, 14304.9383, 960.9659, 14999815, 1007645.7746
2017-09-01 14:46:52:051, 2017-09-01 14:47:11:474, 1048576, 14304.9383, 991.8143, 14999815, 1039992.7200
2017-09-01 14:47:13:828, 2017-09-01 14:47:33:372, 1048576, 14304.9383, 983.5629, 14999815, 1031340.4153
2017-09-01 14:47:35:732, 2017-09-01 14:47:55:133, 1048576, 14304.9383, 993.3295, 14999815, 1041581.4874
2017-09-01 14:47:57:487, 2017-09-01 14:48:17:257, 1048576, 14304.9383, 968.5131, 14999815, 1015559.5802
2017-09-01 14:48:19:571, 2017-09-01 14:48:39:426, 1048576, 14304.9383, 962.9713, 14999815, 1009748.5695
2017-09-01 14:48:41:777, 2017-09-01 14:49:01:515, 1048576, 14304.9383, 970.6160, 14999815, 1017764.6221
2017-09-01 14:49:03:860, 2017-09-01 14:49:23:410, 1048576, 14304.9383, 983.1573, 14999815, 1030915.1203
2017-09-01 14:49:25:763, 2017-09-01 14:49:45:296, 1048576, 14304.9383, 984.3073, 14999815, 1032121.0349
2017-09-01 14:49:47:672, 2017-09-01 14:50:07:201, 1048576, 14304.9383, 984.5783, 14999815, 1032405.1896
2017-09-01 14:50:09:548, 2017-09-01 14:50:29:197, 1048576, 14304.9383, 976.5130, 14999815, 1023948.0511
2017-09-01 14:50:31:566, 2017-09-01 14:50:51:354, 1048576, 14304.9383, 967.3342, 14999815, 1014323.4379
2017-09-01 14:50:53:723, 2017-09-01 14:51:13:287, 1048576, 14304.9383, 982.2122, 14999815, 1029924.1280
2017-09-01 14:51:15:651, 2017-09-01 14:51:35:603, 1048576, 14304.9383, 956.7241, 14999815, 1003197.8999
2017-09-01 14:51:38:015, 2017-09-01 14:51:58:010, 1048576, 14304.9383, 953.9805, 14999815, 1000321.1070
2017-09-01 14:52:00:373, 2017-09-01 14:52:20:056, 1048576, 14304.9383, 974.2517, 14999815, 1021576.9938
2017-09-01 14:52:22:413, 2017-09-01 14:52:42:015, 1048576, 14304.9383, 979.6561, 14999815, 1027243.8707
2017-09-01 14:52:44:375, 2017-09-01 14:53:03:929, 1048576, 14304.9383, 982.8871, 14999815, 1030631.7851
2017-09-01 14:53:06:285, 2017-09-01 14:53:26:142, 1048576, 14304.9383, 962.8416, 14999815, 1009612.6405
2017-09-01 14:53:28:509, 2017-09-01 14:53:48:583, 1048576, 14304.9383, 948.9809, 14999815, 995078.6122
2017-09-01 14:53:50:954, 2017-09-01 14:54:11:000, 1048576, 14304.9383, 950.7469, 14999815, 996930.4134
2017-09-01 14:54:13:348, 2017-09-01 14:54:32:881, 1048576, 14304.9383, 984.3073, 14999815, 1032121.0349
2017-09-01 14:54:35:239, 2017-09-01 14:54:54:671, 1048576, 14304.9383, 991.1958, 14999815, 1039344.1657
2017-09-01 14:54:57:059, 2017-09-01 14:55:17:014, 1048576, 14304.9383, 956.5322, 14999815, 1002996.6566
2017-09-01 14:55:19:394, 2017-09-01 14:55:38:827, 1048576, 14304.9383, 991.1272, 14999815, 1039272.1541
2017-09-01 14:55:41:191, 2017-09-01 14:56:00:649, 1048576, 14304.9383, 989.4134, 14999815, 1037475.1003
2017-09-01 14:56:03:019, 2017-09-01 14:56:22:508, 1048576, 14304.9383, 987.2965, 14999815, 1035255.3661

3.批大小(1 2 5 10 50 100 500 1000)：
P > topic13
2017-08-29 16:04:21:150, 2017-08-29 16:04:54:511, 0, 1000, 1, 476.84, 14.2932, 499998, 14987.5004
2017-08-29 16:04:55:293, 2017-08-29 16:05:15:417, 0, 1000, 2, 476.84, 23.6949, 499998, 24845.8557
2017-08-29 16:05:16:200, 2017-08-29 16:05:28:906, 0, 1000, 5, 476.84, 37.5284, 499998, 39351.3301
2017-08-29 16:05:29:692, 2017-08-29 16:05:37:447, 0, 1000, 10, 476.84, 61.4875, 499998, 64474.2747
2017-08-29 16:05:38:229, 2017-08-29 16:05:41:776, 0, 1000, 50, 476.84, 134.4334, 499998, 140963.6312
2017-08-29 16:05:42:558, 2017-08-29 16:05:45:846, 0, 1000, 100, 476.84, 145.0229, 499998, 152067.5182
2017-08-29 16:05:46:631, 2017-08-29 16:05:49:248, 0, 1000, 500, 476.84, 182.2068, 499998, 191057.6997
2017-08-29 16:05:50:030, 2017-08-29 16:05:53:077, 0, 1000, 1000, 476.84, 156.4934, 499998, 164095.1756
C < topic13
2017-08-29 16:05:55:400, 2017-08-29 16:06:10:631, 1048576, 3814.6820, 372.8552, 3999984, 390967.0609
2017-08-29 16:06:12:942, 2017-08-29 16:06:27:921, 1048576, 3814.6820, 382.2710, 3999984, 400840.1643
2017-08-29 16:06:30:230, 2017-08-29 16:06:45:194, 1048576, 3814.6820, 382.8464, 3999984, 401443.5969
2017-08-29 16:06:47:521, 2017-08-29 16:07:02:830, 1048576, 3814.6820, 370.0341, 3999984, 388008.9242
2017-08-29 16:07:05:164, 2017-08-29 16:07:20:169, 1048576, 3814.6820, 381.2776, 3999984, 399798.5007
2017-08-29 16:07:22:454, 2017-08-29 16:07:37:118, 1048576, 3814.6820, 394.7312, 3999984, 413905.6291
2017-08-29 16:07:39:425, 2017-08-29 16:07:54:388, 1048576, 3814.6820, 382.8849, 3999984, 401483.8904
2017-08-29 16:07:56:692, 2017-08-29 16:08:11:855, 1048576, 3814.6820, 375.3500, 3999984, 393582.9971

4.压缩(0 1 2 3)：
P > topic14
2017-08-29 16:08:13:710, 2017-08-29 16:08:16:375, 0, 1000, 1000, 476.84, 178.9250, 499998, 187616.5103
2017-08-29 16:08:17:163, 2017-08-29 16:08:25:472, 1, 1000, 1000, 476.84, 57.3878, 499998, 60175.4724
2017-08-29 16:08:26:255, 2017-08-29 16:08:30:394, 2, 1000, 1000, 476.84, 115.2054, 499998, 120801.6429
2017-08-29 16:08:31:179, 2017-08-29 16:08:33:223, 3, 1000, 1000, 476.84, 233.2853, 499998, 244617.4168
C < topic14
2017-08-29 16:08:35:505, 2017-08-29 16:08:44:380, 1048576, 1907.3410, 492.2170, 1999992, 516126.9677
2017-08-29 16:08:46:679, 2017-08-29 16:08:55:714, 1048576, 1907.3410, 472.6991, 1999992, 495660.9665
2017-08-29 16:08:58:052, 2017-08-29 16:09:07:054, 1048576, 1907.3410, 476.5970, 1999992, 499748.1259
2017-08-29 16:09:09:335, 2017-08-29 16:09:18:340, 1048576, 1907.3410, 476.2400, 1999992, 499373.7828

5.应答模式(-1 0 1)和复制因子(1)：
P > topic151
2017-08-29 16:09:20:172, 2017-08-29 16:09:21:953, 0, 1000, 1000, 476.84, 267.7346, 499998, 280740.0337
2017-08-29 16:09:22:742, 2017-08-29 16:09:24:272, 0, 1000, 1000, 476.84, 311.6570, 499998, 326796.0784
2017-08-29 16:09:25:041, 2017-08-29 16:09:26:888, 0, 1000, 1000, 476.84, 258.1674, 499998, 270708.1754

6.分区数(1 3 6 9 12 30 60 90 120)：
P > topic161~topic169
2017-08-29 16:09:37:215, 2017-08-29 16:09:40:083, 0, 1000, 1000, 476.84, 166.2605, 499998, 174336.8201
2017-08-29 16:09:40:866, 2017-08-29 16:09:43:677, 0, 1000, 1000, 476.84, 169.6319, 499998, 177871.9317
2017-08-29 16:09:44:463, 2017-08-29 16:09:47:219, 0, 1000, 1000, 476.84, 173.0171, 499998, 181421.6255
2017-08-29 16:09:47:996, 2017-08-29 16:09:50:780, 0, 1000, 1000, 476.84, 171.2770, 499998, 179596.9828
2017-08-29 16:09:51:562, 2017-08-29 16:09:54:511, 0, 1000, 1000, 476.84, 161.6939, 499998, 169548.3215
2017-08-29 16:09:55:279, 2017-08-29 16:09:58:454, 0, 1000, 1000, 476.84, 150.1843, 499998, 157479.6850
2017-08-29 16:09:59:247, 2017-08-29 16:10:03:090, 0, 1000, 1000, 476.84, 124.0789, 499998, 130106.1671
2017-08-29 16:10:03:876, 2017-08-29 16:10:08:171, 0, 1000, 1000, 476.84, 111.0210, 499998, 116413.9697
2017-08-29 16:10:08:961, 2017-08-29 16:10:13:505, 0, 1000, 1000, 476.84, 104.9373, 499998, 110034.7711
C < topic161~topic169
2017-08-29 16:10:15:801, 2017-08-29 16:10:22:892, 1048576, 476.8353, 228.0417, 499998, 239119.0818
2017-08-29 16:10:25:194, 2017-08-29 16:10:31:745, 1048576, 476.8353, 307.4373, 499998, 322371.3733
2017-08-29 16:10:34:063, 2017-08-29 16:10:40:395, 1048576, 476.8353, 357.9844, 499998, 375373.8739
2017-08-29 16:10:42:708, 2017-08-29 16:10:49:089, 1048576, 476.8353, 345.2826, 499998, 362055.0326
2017-08-29 16:10:51:384, 2017-08-29 16:10:57:798, 1048576, 476.8353, 337.2244, 499998, 353605.3748
2017-08-29 16:11:00:150, 2017-08-29 16:11:06:658, 1048576, 476.8353, 316.2037, 499998, 331563.6605
2017-08-29 16:11:09:061, 2017-08-29 16:11:15:630, 1048576, 476.8353, 303.9103, 499998, 318673.0402
2017-08-29 16:11:18:108, 2017-08-29 16:11:24:624, 1048576, 476.8353, 314.5351, 499998, 329813.9842
2017-08-29 16:11:27:063, 2017-08-29 16:11:33:684, 1048576, 476.8353, 294.1612, 499998, 308450.3393



三节点测试结果：

1.生产者message size(100 200 400 600 800 1000 2000 4000 6000 8000 10000)：
1.消费者fetch size(1024 4096 16384 65536 262144 1048576)：
P(message-size) > topic31
2017-08-30 11:30:32:612, 2017-08-30 11:30:34:294, 0, 100, 1000, 47.68, 28.3493, 499998, 297263.9715
2017-08-30 11:30:35:063, 2017-08-30 11:30:36:629, 0, 200, 1000, 95.37, 60.8985, 499998, 319283.5249
2017-08-30 11:30:37:400, 2017-08-30 11:30:39:281, 0, 400, 1000, 190.73, 101.4004, 499998, 265814.9920
2017-08-30 11:30:40:037, 2017-08-30 11:30:42:189, 0, 600, 1000, 286.10, 132.9466, 499998, 232341.0781
2017-08-30 11:30:42:971, 2017-08-30 11:30:45:549, 0, 800, 1000, 381.47, 147.9706, 499998, 193948.0217
2017-08-30 11:30:46:326, 2017-08-30 11:30:49:127, 0, 1000, 1000, 476.84, 170.2375, 499998, 178506.9618
2017-08-30 11:30:49:906, 2017-08-30 11:30:54:432, 0, 2000, 1000, 953.67, 210.7093, 499998, 110472.3818
2017-08-30 11:30:55:213, 2017-08-30 11:31:04:131, 0, 4000, 1000, 1907.34, 213.8754, 499998, 56066.1583
2017-08-30 11:31:04:894, 2017-08-30 11:31:17:850, 0, 6000, 1000, 2861.01, 220.8252, 499998, 38592.0037
2017-08-30 11:31:18:632, 2017-08-30 11:31:45:861, 0, 8000, 1000, 3814.68, 140.0963, 499998, 18362.7015
2017-08-30 11:31:46:644, 2017-08-30 11:32:23:073, 0, 10000, 1000, 4768.35, 130.8944, 499998, 13725.2738
C(fetch-size) < topic31
2017-08-30 11:32:25:402, 2017-08-30 11:36:41:353, 1024, 1001.3540, 3.9902, 2499990, 9962.0643
2017-08-30 11:36:43:669, 2017-08-30 11:40:31:712, 4096, 4339.2008, 19.4545, 3999984, 17933.6899
2017-08-30 11:40:34:039, 2017-08-30 11:45:03:333, 16384, 15783.2468, 59.7185, 5499978, 20810.0751
2017-08-30 11:45:05:666, 2017-08-30 11:46:17:337, 65536, 15783.2468, 236.7333, 5499978, 82494.3079
2017-08-30 11:46:19:698, 2017-08-30 11:46:55:250, 262144, 15783.2468, 516.6027, 5499978, 180020.2278
2017-08-30 11:46:57:582, 2017-08-30 11:47:18:292, 1048576, 15783.2468, 1004.6624, 5499978, 350094.0802

2.生产者/消费者 数量(1 2 3 4 5 6 7 8 9 10 11 12 13 14 15 16 17 18 19 20 21 22 23 24 25 26 27 28 29 30)：
P > topic12
2017-09-01 15:01:40:229, 2017-09-01 15:01:47:808, 0, 1000, 1000, 476.84, 62.9156, 500000, 65971.7641
2017-09-01 15:01:48:592, 2017-09-01 15:01:52:414, 0, 1000, 1000, 476.84, 124.7612, 500000, 130821.5594
2017-09-01 15:01:53:196, 2017-09-01 15:01:55:771, 0, 1000, 1000, 476.84, 185.1787, 499998, 194173.9806
2017-09-01 15:01:56:551, 2017-09-01 15:01:58:594, 0, 1000, 1000, 476.84, 233.4005, 500000, 244738.1302
2017-09-01 15:01:59:376, 2017-09-01 15:02:01:067, 0, 1000, 1000, 476.84, 281.9853, 500000, 295683.0278
2017-09-01 15:02:01:857, 2017-09-01 15:02:03:420, 0, 1000, 1000, 476.84, 305.0769, 499998, 319896.3532
2017-09-01 15:02:04:207, 2017-09-01 15:02:05:566, 0, 1000, 1000, 476.83, 350.8707, 499996, 367914.6431
2017-09-01 15:02:06:330, 2017-09-01 15:02:07:657, 0, 1000, 1000, 476.84, 359.3347, 500000, 376789.7513
2017-09-01 15:02:08:427, 2017-09-01 15:02:09:736, 0, 1000, 1000, 476.83, 364.2723, 499995, 381967.1505
2017-09-01 15:02:10:515, 2017-09-01 15:02:11:767, 0, 1000, 1000, 476.84, 380.8604, 500000, 399361.0224
2017-09-01 15:02:12:522, 2017-09-01 15:02:13:812, 0, 1000, 1000, 476.83, 369.6368, 499994, 387592.2481
2017-09-01 15:02:14:604, 2017-09-01 15:02:15:914, 0, 1000, 1000, 476.83, 363.9920, 499992, 381673.2824
2017-09-01 15:02:16:706, 2017-09-01 15:02:18:021, 0, 1000, 1000, 476.83, 362.6087, 499993, 380222.8137
2017-09-01 15:02:18:815, 2017-09-01 15:02:20:154, 0, 1000, 1000, 476.83, 356.1115, 499996, 373410.0075
2017-09-01 15:02:20:912, 2017-09-01 15:02:22:285, 0, 1000, 1000, 476.83, 347.2923, 499995, 364162.4181
2017-09-01 15:02:23:064, 2017-09-01 15:02:24:442, 0, 1000, 1000, 476.84, 346.0357, 500000, 362844.7025
2017-09-01 15:02:25:227, 2017-09-01 15:02:26:636, 0, 1000, 1000, 476.82, 338.4136, 499987, 354852.3776
2017-09-01 15:02:27:395, 2017-09-01 15:02:28:790, 0, 1000, 1000, 476.82, 341.8092, 499986, 358412.9032
2017-09-01 15:02:29:573, 2017-09-01 15:02:31:007, 0, 1000, 1000, 476.82, 332.5124, 499985, 348664.5746
2017-09-01 15:02:31:797, 2017-09-01 15:02:33:205, 0, 1000, 1000, 476.84, 338.6628, 500000, 355113.6364
2017-09-01 15:02:33:991, 2017-09-01 15:02:35:519, 0, 1000, 1000, 476.83, 312.0593, 499989, 327217.9319
2017-09-01 15:02:36:296, 2017-09-01 15:02:37:871, 0, 1000, 1000, 476.83, 302.7501, 499994, 317456.5079
2017-09-01 15:02:38:664, 2017-09-01 15:02:40:150, 0, 1000, 1000, 476.83, 320.8845, 499997, 336471.7362
2017-09-01 15:02:40:938, 2017-09-01 15:02:42:714, 0, 1000, 1000, 476.83, 268.4851, 499992, 281527.0270
2017-09-01 15:02:43:482, 2017-09-01 15:02:44:998, 0, 1000, 1000, 476.84, 314.5364, 500000, 329815.3034
2017-09-01 15:02:45:784, 2017-09-01 15:02:47:700, 0, 1000, 1000, 476.82, 248.8612, 499980, 260949.8956
2017-09-01 15:02:48:468, 2017-09-01 15:02:50:322, 0, 1000, 1000, 476.82, 257.1865, 499986, 269679.6117
2017-09-01 15:02:51:091, 2017-09-01 15:02:52:999, 0, 1000, 1000, 476.83, 249.9127, 499996, 262052.4109
2017-09-01 15:02:53:791, 2017-09-01 15:02:55:470, 0, 1000, 1000, 476.83, 283.9944, 499989, 297789.7558
2017-09-01 15:02:56:238, 2017-09-01 15:02:58:070, 0, 1000, 1000, 476.82, 260.2719, 499980, 272914.8472
C < topic12
2017-09-01 15:03:00:387, 2017-09-01 15:03:14:779, 1048576, 4768.3716, 507.7057, 5000000, 532367.9727
2017-09-01 15:03:17:180, 2017-09-01 15:03:42:983, 1048576, 7154.8824, 343.9351, 7502438, 360642.1189
2017-09-01 15:03:45:305, 2017-09-01 15:04:30:637, 1048576, 14304.9383, 354.6796, 14999815, 371908.5342
2017-09-01 15:04:32:952, 2017-09-01 15:05:18:918, 1048576, 14304.9383, 349.1905, 14999815, 366152.7852
2017-09-01 15:05:21:216, 2017-09-01 15:06:08:208, 1048576, 14304.9383, 340.6587, 14999815, 357206.4917
2017-09-01 15:06:10:567, 2017-09-01 15:06:57:759, 1048576, 14304.9383, 339.0439, 14999815, 355513.2490
2017-09-01 15:07:00:113, 2017-09-01 15:07:45:880, 1048576, 14304.9383, 350.8950, 14999815, 367940.1231
2017-09-01 15:07:48:173, 2017-09-01 15:08:35:420, 1048576, 14304.9383, 338.6025, 14999815, 355050.4178
2017-09-01 15:08:37:752, 2017-09-01 15:09:25:215, 1048576, 14304.9383, 336.8801, 14999815, 353244.3539
2017-09-01 15:09:27:534, 2017-09-01 15:10:12:805, 1048576, 14304.9383, 355.2169, 14999815, 372471.8780
2017-09-01 15:10:15:140, 2017-09-01 15:11:00:147, 1048576, 14304.9383, 357.5609, 14999815, 374929.7623
2017-09-01 15:11:02:490, 2017-09-01 15:11:49:723, 1048576, 14304.9383, 338.7147, 14999815, 355168.1150
2017-09-01 15:11:52:087, 2017-09-01 15:12:37:266, 1048576, 14304.9383, 356.0302, 14999815, 373324.7468
2017-09-01 15:12:39:589, 2017-09-01 15:13:24:344, 1048576, 14304.9383, 359.8274, 14999815, 377306.3766
2017-09-01 15:13:26:689, 2017-09-01 15:14:12:337, 1048576, 14304.9383, 351.9223, 14999815, 369017.2948
2017-09-01 15:14:14:681, 2017-09-01 15:15:01:739, 1048576, 14304.9383, 340.1241, 14999815, 356645.9413
2017-09-01 15:15:04:072, 2017-09-01 15:15:49:824, 1048576, 14304.9383, 351.0242, 14999815, 368075.5546
2017-09-01 15:15:52:140, 2017-09-01 15:16:39:173, 1048576, 14304.9383, 340.3264, 14999815, 356858.0639
2017-09-01 15:16:41:505, 2017-09-01 15:17:27:444, 1048576, 14304.9383, 349.4208, 14999815, 366394.2695
2017-09-01 15:17:29:777, 2017-09-01 15:18:15:819, 1048576, 14304.9383, 348.5439, 14999815, 365474.7576
2017-09-01 15:18:18:162, 2017-09-01 15:19:03:780, 1048576, 14304.9383, 352.1822, 14999815, 369289.8469
2017-09-01 15:19:06:108, 2017-09-01 15:19:53:470, 1048576, 14304.9383, 337.6833, 14999815, 354086.5634
2017-09-01 15:19:55:813, 2017-09-01 15:20:43:108, 1048576, 14304.9383, 338.2182, 14999815, 354647.4761
2017-09-01 15:20:45:477, 2017-09-01 15:21:32:562, 1048576, 14304.9383, 339.9059, 14999815, 356417.1320
2017-09-01 15:21:34:912, 2017-09-01 15:22:19:887, 1048576, 14304.9383, 357.8471, 14999815, 375229.8937
2017-09-01 15:22:22:227, 2017-09-01 15:23:09:488, 1048576, 14304.9383, 338.4903, 14999815, 354932.7986
2017-09-01 15:23:11:857, 2017-09-01 15:23:57:790, 1048576, 14304.9383, 349.4720, 14999815, 366447.9760
2017-09-01 15:24:00:101, 2017-09-01 15:24:47:115, 1048576, 14304.9383, 340.4803, 14999815, 357019.4459
2017-09-01 15:24:49:470, 2017-09-01 15:25:36:252, 1048576, 14304.9383, 342.3708, 14999815, 359001.8429
2017-09-01 15:25:38:581, 2017-09-01 15:26:24:031, 1048576, 14304.9383, 353.6450, 14999815, 370823.6094

3.批大小(1 2 5 10 50 100 500 1000)：
P > topic33
2017-08-29 12:52:00:311, 2017-08-29 12:52:35:557, 0, 1000, 1, 476.84, 13.5288, 499998, 14185.9502
2017-08-29 12:52:36:318, 2017-08-29 12:53:09:357, 0, 1000, 2, 476.84, 14.4325, 499998, 15133.5694
2017-08-29 12:53:10:143, 2017-08-29 12:53:32:207, 0, 1000, 5, 476.84, 21.6115, 499998, 22661.2582
2017-08-29 12:53:32:992, 2017-08-29 12:53:46:391, 0, 1000, 10, 476.84, 35.5874, 499998, 37316.0684
2017-08-29 12:53:47:175, 2017-08-29 12:53:52:550, 0, 1000, 50, 476.84, 88.7135, 499998, 93022.8837
2017-08-29 12:53:53:330, 2017-08-29 12:53:57:102, 0, 1000, 100, 476.84, 126.4144, 499998, 132555.1432
2017-08-29 12:53:57:884, 2017-08-29 12:54:00:732, 0, 1000, 500, 476.84, 167.4281, 499998, 175561.0955
2017-08-29 12:54:01:499, 2017-08-29 12:54:04:251, 0, 1000, 1000, 476.84, 173.2686, 499998, 181685.3198
C < topic33
2017-08-29 12:54:06:560, 2017-08-29 12:54:15:413, 1048576, 3814.6820, 990.0550, 3999984, 1038147.9367
2017-08-29 12:54:17:753, 2017-08-29 12:54:26:643, 1048576, 3814.6820, 980.6380, 3999984, 1028273.5219
2017-08-29 12:54:28:957, 2017-08-29 12:54:37:811, 1048576, 3814.6820, 989.7981, 3999984, 1037878.5677
2017-08-29 12:54:40:131, 2017-08-29 12:54:49:230, 1048576, 3814.6820, 930.6372, 3999984, 975843.8644
2017-08-29 12:54:51:554, 2017-08-29 12:55:00:547, 1048576, 3814.6820, 955.3424, 3999984, 1001749.0609
2017-08-29 12:55:02:877, 2017-08-29 12:55:11:791, 1048576, 3814.6820, 974.6249, 3999984, 1021968.3189
2017-08-29 12:55:14:138, 2017-08-29 12:55:22:975, 1048576, 3814.6820, 994.1835, 3999984, 1042476.9351
2017-08-29 12:55:25:292, 2017-08-29 12:55:34:167, 1048576, 3814.6820, 984.4341, 3999984, 1032253.9355

4.压缩(0 1 2 3)：
P > topic34
2017-08-29 13:04:42:219, 2017-08-29 13:04:45:008, 0, 1000, 1000, 476.84, 170.9700, 499998, 179275.0090
2017-08-29 13:04:45:789, 2017-08-29 13:04:54:938, 1, 1000, 1000, 476.84, 52.1188, 499998, 54650.5629
2017-08-29 13:04:55:730, 2017-08-29 13:04:59:688, 2, 1000, 1000, 476.84, 120.4738, 499998, 126325.9222
2017-08-29 13:05:00:467, 2017-08-29 13:05:02:762, 3, 1000, 1000, 476.84, 207.7714, 499998, 217864.0523
C < topic34
2017-08-29 13:05:05:049, 2017-08-29 13:05:13:313, 1048576, 1907.3410, 584.3569, 1999992, 612742.6471
2017-08-29 13:05:15:650, 2017-08-29 13:05:23:784, 1048576, 1907.3410, 608.5964, 1999992, 638159.5405
2017-08-29 13:05:26:104, 2017-08-29 13:05:34:322, 1048576, 1907.3410, 592.7101, 1999992, 621501.5538
2017-08-29 13:05:36:635, 2017-08-29 13:05:44:779, 1048576, 1907.3410, 606.6606, 1999992, 636129.7710

5.应答模式(-1 0 1)和复制因子(1 2 3)：
P > topic351
2017-08-29 13:18:15:453, 2017-08-29 13:18:17:327, 0, 1000, 1000, 476.84, 254.4478, 499998, 266807.8975
2017-08-29 13:18:18:092, 2017-08-29 13:18:19:660, 0, 1000, 1000, 476.84, 304.1041, 499998, 318876.2755
2017-08-29 13:18:20:420, 2017-08-29 13:18:22:303, 0, 1000, 1000, 476.84, 253.2317, 499998, 265532.6606
P > topic352
2017-08-29 13:18:24:099, 2017-08-29 13:18:26:394, 0, 1000, 1000, 476.84, 207.7714, 499998, 217864.0523
2017-08-29 13:18:27:171, 2017-08-29 13:18:28:702, 0, 1000, 1000, 476.84, 311.4535, 499998, 326582.6257
2017-08-29 13:18:29:460, 2017-08-29 13:18:31:313, 0, 1000, 1000, 476.84, 257.3315, 499998, 269831.6244
P > topic353
2017-08-29 13:18:33:140, 2017-08-29 13:18:36:529, 0, 1000, 1000, 476.84, 140.7009, 499998, 147535.5562
2017-08-29 13:18:37:310, 2017-08-29 13:18:39:175, 0, 1000, 1000, 476.84, 255.6757, 499998, 268095.4424
2017-08-29 13:18:39:942, 2017-08-29 13:18:41:727, 0, 1000, 1000, 476.84, 267.1346, 499998, 280110.9244

6.分区数(1 3 6 9 12 30 60 90 120)：
P > topic361~topic369
2017-08-29 13:29:28:902, 2017-08-29 13:29:31:559, 0, 1000, 1000, 476.84, 179.4638, 499998, 188181.4076
2017-08-29 13:29:32:332, 2017-08-29 13:29:35:104, 0, 1000, 1000, 476.84, 172.0185, 499998, 180374.4589
2017-08-29 13:29:35:882, 2017-08-29 13:29:38:678, 0, 1000, 1000, 476.84, 170.5419, 499998, 178826.1803
2017-08-29 13:29:39:462, 2017-08-29 13:29:42:255, 0, 1000, 1000, 476.84, 170.7251, 499998, 179018.2599
2017-08-29 13:29:43:033, 2017-08-29 13:29:45:961, 0, 1000, 1000, 476.84, 162.8536, 499998, 170764.3443
2017-08-29 13:29:46:747, 2017-08-29 13:29:49:814, 0, 1000, 1000, 476.84, 155.4729, 499998, 163025.1060
2017-08-29 13:29:50:595, 2017-08-29 13:29:54:287, 0, 1000, 1000, 476.84, 129.1536, 499998, 135427.4106
2017-08-29 13:29:55:071, 2017-08-29 13:29:59:398, 0, 1000, 1000, 476.84, 110.2000, 499998, 115553.0391
2017-08-29 13:30:00:179, 2017-08-29 13:30:04:809, 0, 1000, 1000, 476.84, 102.9882, 499998, 107990.9287
C < topic361~topic369
2017-08-29 13:30:07:120, 2017-08-29 13:30:14:129, 1048576, 476.8353, 237.3496, 499998, 248879.0443
2017-08-29 13:30:16:440, 2017-08-29 13:30:22:120, 1048576, 476.8353, 701.2283, 499998, 735291.1765
2017-08-29 13:30:24:447, 2017-08-29 13:30:30:057, 1048576, 476.8353, 781.6971, 499998, 819668.8525
2017-08-29 13:30:32:372, 2017-08-29 13:30:37:954, 1048576, 476.8353, 819.3046, 499998, 859103.0928
2017-08-29 13:30:40:275, 2017-08-29 13:30:45:861, 1048576, 476.8353, 813.7120, 499998, 853238.9078
2017-08-29 13:30:48:250, 2017-08-29 13:30:53:926, 1048576, 476.8353, 705.3776, 499998, 739642.0118
2017-08-29 13:30:56:311, 2017-08-29 13:31:02:039, 1048576, 476.8353, 654.9935, 499998, 686810.4396
2017-08-29 13:31:04:478, 2017-08-29 13:31:10:329, 1048576, 476.8353, 560.3234, 499998, 587541.7156
2017-08-29 13:31:12:774, 2017-08-29 13:31:18:675, 1048576, 476.8353, 529.2289, 499998, 554936.7370
